#
# A fatal error has been detected by the Java Runtime Environment:
#
#  Internal Error (javaCalls.cpp:51), pid=7508, tid=0x0000000000003e48
#  guarantee(thread->is_Java_thread()) failed: crucial check - the VM thread cannot and must not escape to Java code
#
# JRE version: Java(TM) SE Runtime Environment (8.0_181-b13) (build 1.8.0_181-b13)
# Java VM: Java HotSpot(TM) 64-Bit Server VM (25.181-b13 mixed mode windows-amd64 compressed oops)
# Failed to write core dump. Minidumps are not enabled by default on client versions of Windows
#
# If you would like to submit a bug report, please visit:
#   http://bugreport.java.com/bugreport/crash.jsp
#

---------------  T H R E A D  ---------------

Current thread (0x000000001cd99800):  VMThread [stack: 0x000000001ea90000,0x000000001eb90000] [id=15944]

Stack: [0x000000001ea90000,0x000000001eb90000]
[error occurred during error reporting (printing stack bounds), id 0xc0000005]

Native frames: (J=compiled Java code, j=interpreted, Vv=VM code, C=native code)

VM_Operation (0x000000001f5af900): GetOrSetLocal, mode: safepoint, requested by thread 0x000000001ecc4800


---------------  P R O C E S S  ---------------

Java Threads: ( => current thread )
  0x000000001ee62800 JavaThread "Service Thread" daemon [_thread_blocked, id=7364, stack(0x000000001fbb0000,0x000000001fcb0000)]
  0x000000001edbb000 JavaThread "C1 CompilerThread3" daemon [_thread_blocked, id=18136, stack(0x000000001fab0000,0x000000001fbb0000)]
  0x000000001edba000 JavaThread "C2 CompilerThread2" daemon [_thread_blocked, id=15452, stack(0x000000001f9b0000,0x000000001fab0000)]
  0x000000001edab800 JavaThread "C2 CompilerThread1" daemon [_thread_blocked, id=16860, stack(0x000000001f8b0000,0x000000001f9b0000)]
  0x000000001edaa800 JavaThread "C2 CompilerThread0" daemon [_thread_blocked, id=3732, stack(0x000000001f7b0000,0x000000001f8b0000)]
  0x000000001ecd1800 JavaThread "JDWP Command Reader" daemon [_thread_in_native, id=1936, stack(0x000000001f6b0000,0x000000001f7b0000)]
  0x000000001ecd0800 JavaThread "JDWP Event Helper Thread" daemon [_thread_blocked, id=18272, stack(0x000000001f5b0000,0x000000001f6b0000)]
  0x000000001ecc4800 JavaThread "JDWP Transport Listener: dt_socket" daemon [_thread_blocked, id=16548, stack(0x000000001f4b0000,0x000000001f5b0000)]
  0x000000001ecbb000 JavaThread "Attach Listener" daemon [_thread_blocked, id=2928, stack(0x000000001f3b0000,0x000000001f4b0000)]
  0x000000001ecba000 JavaThread "Signal Dispatcher" daemon [_thread_blocked, id=18308, stack(0x000000001f2b0000,0x000000001f3b0000)]
  0x000000001ecb0800 JavaThread "Finalizer" daemon [_thread_blocked, id=17996, stack(0x000000001f090000,0x000000001f190000)]
  0x000000001cd9d800 JavaThread "Reference Handler" daemon [_thread_blocked, id=18936, stack(0x000000001eb90000,0x000000001ec90000)]
  0x0000000003283800 JavaThread "main" [_thread_blocked, id=17292, stack(0x0000000002ef0000,0x0000000002ff0000)]

Other Threads:
=>0x000000001cd99800 VMThread [stack: 0x000000001ea90000,0x000000001eb90000] [id=15944]
  0x000000001eea6000 WatcherThread [stack: 0x000000001fcb0000,0x000000001fdb0000] [id=15424]

VM state:at safepoint (normal execution)

VM Mutex/Monitor currently owned by a thread:  ([mutex/lock_event])
[0x0000000003280f50] Threads_lock - owner thread: 0x000000001cd99800

Heap:
 PSYoungGen      total 141824K, used 62507K [0x000000076b400000, 0x0000000774900000, 0x00000007c0000000)
  eden space 131072K, 39% used [0x000000076b400000,0x000000076e6915d8,0x0000000773400000)
  from space 10752K, 99% used [0x0000000773e80000,0x00000007748f97b0,0x0000000774900000)
  to   space 10752K, 0% used [0x0000000773400000,0x0000000773400000,0x0000000773e80000)
 ParOldGen       total 175104K, used 62897K [0x00000006c1c00000, 0x00000006cc700000, 0x000000076b400000)
  object space 175104K, 35% used [0x00000006c1c00000,0x00000006c596c400,0x00000006cc700000)
 Metaspace       used 4492K, capacity 4928K, committed 4992K, reserved 1056768K
  class space    used 496K, capacity 584K, committed 640K, reserved 1048576K

Card table byte_map: [0x0000000012740000,0x0000000012f40000] byte_map_base: 0x000000000f132000

Marking Bits: (ParMarkBitMap*) 0x000000006f2f2d00
 Begin Bits: [0x0000000013c90000, 0x0000000017c20000)
 End Bits:   [0x0000000017c20000, 0x000000001bbb0000)

Polling page: 0x0000000001250000

CodeCache: size=245760Kb used=2148Kb max_used=2152Kb free=243611Kb
 bounds [0x0000000003380000, 0x00000000035f0000, 0x0000000012380000]
 total_blobs=643 nmethods=381 adapters=183
 compilation: enabled

Compilation events (10 events):
Event: 0.673 Thread 0x000000001edbb000  377       3       java.util.stream.ReferencePipeline$2$1::accept (27 bytes)
Event: 0.673 Thread 0x000000001edbb000 nmethod 377 0x0000000003591cd0 code [0x0000000003591e40, 0x0000000003592198]
Event: 0.673 Thread 0x000000001edbb000  379       3       java.util.ArrayList$ArrayListSpliterator::forEachRemaining (129 bytes)
Event: 0.673 Thread 0x000000001edbb000 nmethod 379 0x0000000003594810 code [0x00000000035949e0, 0x0000000003595048]
Event: 0.673 Thread 0x000000001edbb000  378       3       com.hashcode.SlideShowSolver$$Lambda$2/1873653341::test (12 bytes)
Event: 0.673 Thread 0x000000001edbb000 nmethod 378 0x0000000003594150 code [0x00000000035942c0, 0x0000000003594650]
Event: 0.675 Thread 0x000000001edbb000  380       3       java.lang.invoke.MethodType::parameterCount (6 bytes)
Event: 0.675 Thread 0x000000001edbb000 nmethod 380 0x0000000003593dd0 code [0x0000000003593f20, 0x0000000003594090]
Event: 0.676 Thread 0x000000001edbb000  381       3       java.lang.invoke.MemberName::getName (25 bytes)
Event: 0.676 Thread 0x000000001edbb000 nmethod 381 0x0000000003593710 code [0x00000000035938a0, 0x0000000003593ce8]

GC Heap History (4 events):
Event: 0.383 GC heap before
{Heap before GC invocations=1 (full 0):
 PSYoungGen      total 76288K, used 65536K [0x000000076b400000, 0x0000000770900000, 0x00000007c0000000)
  eden space 65536K, 100% used [0x000000076b400000,0x000000076f400000,0x000000076f400000)
  from space 10752K, 0% used [0x000000076fe80000,0x000000076fe80000,0x0000000770900000)
  to   space 10752K, 0% used [0x000000076f400000,0x000000076f400000,0x000000076fe80000)
 ParOldGen       total 175104K, used 0K [0x00000006c1c00000, 0x00000006cc700000, 0x000000076b400000)
  object space 175104K, 0% used [0x00000006c1c00000,0x00000006c1c00000,0x00000006cc700000)
 Metaspace       used 3257K, capacity 4600K, committed 4864K, reserved 1056768K
  class space    used 345K, capacity 424K, committed 512K, reserved 1048576K
Event: 0.406 GC heap after
Heap after GC invocations=1 (full 0):
 PSYoungGen      total 76288K, used 10747K [0x000000076b400000, 0x0000000774900000, 0x00000007c0000000)
  eden space 65536K, 0% used [0x000000076b400000,0x000000076b400000,0x000000076f400000)
  from space 10752K, 99% used [0x000000076f400000,0x000000076fe7ee18,0x000000076fe80000)
  to   space 10752K, 0% used [0x0000000773e80000,0x0000000773e80000,0x0000000774900000)
 ParOldGen       total 175104K, used 24985K [0x00000006c1c00000, 0x00000006cc700000, 0x000000076b400000)
  object space 175104K, 14% used [0x00000006c1c00000,0x00000006c3466400,0x00000006cc700000)
 Metaspace       used 3257K, capacity 4600K, committed 4864K, reserved 1056768K
  class space    used 345K, capacity 424K, committed 512K, reserved 1048576K
}
Event: 0.460 GC heap before
{Heap before GC invocations=2 (full 0):
 PSYoungGen      total 76288K, used 76283K [0x000000076b400000, 0x0000000774900000, 0x00000007c0000000)
  eden space 65536K, 100% used [0x000000076b400000,0x000000076f400000,0x000000076f400000)
  from space 10752K, 99% used [0x000000076f400000,0x000000076fe7ee18,0x000000076fe80000)
  to   space 10752K, 0% used [0x0000000773e80000,0x0000000773e80000,0x0000000774900000)
 ParOldGen       total 175104K, used 24985K [0x00000006c1c00000, 0x00000006cc700000, 0x000000076b400000)
  object space 175104K, 14% used [0x00000006c1c00000,0x00000006c3466400,0x00000006cc700000)
 Metaspace       used 3258K, capacity 4600K, committed 4864K, reserved 1056768K
  class space    used 345K, capacity 424K, committed 512K, reserved 1048576K
Event: 0.490 GC heap after
Heap after GC invocations=2 (full 0):
 PSYoungGen      total 141824K, used 10725K [0x000000076b400000, 0x0000000774900000, 0x00000007c0000000)
  eden space 131072K, 0% used [0x000000076b400000,0x000000076b400000,0x0000000773400000)
  from space 10752K, 99% used [0x0000000773e80000,0x00000007748f97b0,0x0000000774900000)
  to   space 10752K, 0% used [0x0000000773400000,0x0000000773400000,0x0000000773e80000)
 ParOldGen       total 175104K, used 62897K [0x00000006c1c00000, 0x00000006cc700000, 0x000000076b400000)
  object space 175104K, 35% used [0x00000006c1c00000,0x00000006c596c400,0x00000006cc700000)
 Metaspace       used 3258K, capacity 4600K, committed 4864K, reserved 1056768K
  class space    used 345K, capacity 424K, committed 512K, reserved 1048576K
}

Deoptimization events (10 events):
Event: 0.256 Thread 0x0000000003283800 Uncommon trap: reason=array_check action=maybe_recompile pc=0x00000000034d2390 method=java.util.AbstractCollection.toArray([Ljava/lang/Object;)[Ljava/lang/Object; @ 119
Event: 0.501 Thread 0x0000000003283800 Uncommon trap: reason=unstable_if action=reinterpret pc=0x00000000034fa854 method=java.lang.Integer.getChars(II[C)V @ 20
Event: 0.501 Thread 0x0000000003283800 Uncommon trap: reason=unstable_if action=reinterpret pc=0x00000000034d9c60 method=java.lang.Integer.getChars(II[C)V @ 20
Event: 0.501 Thread 0x0000000003283800 Uncommon trap: reason=unstable_if action=reinterpret pc=0x00000000034cea2c method=java.lang.Integer.getChars(II[C)V @ 20
Event: 0.528 Thread 0x0000000003283800 Uncommon trap: reason=unstable_if action=reinterpret pc=0x00000000034e3f10 method=java.io.BufferedReader.readLine(Z)Ljava/lang/String; @ 55
Event: 0.535 Thread 0x0000000003283800 Uncommon trap: reason=unstable_if action=reinterpret pc=0x00000000034d30b8 method=java.util.Arrays.copyOf([Ljava/lang/Object;ILjava/lang/Class;)[Ljava/lang/Object; @ 3
Event: 0.577 Thread 0x0000000003283800 Uncommon trap: reason=class_check action=maybe_recompile pc=0x00000000034e2788 method=java.util.AbstractCollection.toArray([Ljava/lang/Object;)[Ljava/lang/Object; @ 1
Event: 0.672 Thread 0x0000000003283800 Uncommon trap: reason=unstable_if action=reinterpret pc=0x000000000359bf4c method=com.hashcode.SlideShowSolver.lambda$solve$1(ILcom/company/Photo;)Z @ 5
Event: 0.673 Thread 0x0000000003283800 Uncommon trap: reason=unstable_if action=reinterpret pc=0x000000000358e9e8 method=com.hashcode.SlideShowSolver.lambda$solve$1(ILcom/company/Photo;)Z @ 5
Event: 0.673 Thread 0x0000000003283800 Uncommon trap: reason=unstable_if action=reinterpret pc=0x000000000358e548 method=com.hashcode.SlideShowSolver.lambda$solve$1(ILcom/company/Photo;)Z @ 5

Classes redefined (3 events):
Event: 26.383 Thread 0x000000001cd99800 redefined class name=com.hashcode.SlideShowSolver, count=1
Event: 50.551 Thread 0x000000001cd99800 redefined class name=com.hashcode.SlideShowSolver, count=2
Event: 325.020 Thread 0x000000001cd99800 redefined class name=com.hashcode.SlideShowSolver, count=3

Internal exceptions (4 events):
Event: 0.053 Thread 0x0000000003283800 Exception <a 'java/lang/NoSuchMethodError': Method sun.misc.Unsafe.defineClass(Ljava/lang/String;[BII)Ljava/lang/Class; name or signature does not match> (0x000000076b407cb0) thrown at [C:\re\workspace\8-2-build-windows-amd64-cygwin\jdk8u181\11358\hotspot
Event: 0.053 Thread 0x0000000003283800 Exception <a 'java/lang/NoSuchMethodError': Method sun.misc.Unsafe.prefetchRead(Ljava/lang/Object;J)V name or signature does not match> (0x000000076b407f98) thrown at [C:\re\workspace\8-2-build-windows-amd64-cygwin\jdk8u181\11358\hotspot\src\share\vm\prim
Event: 0.573 Thread 0x0000000003283800 Exception <a 'java/lang/NoSuchFieldError': method resolution failed> (0x000000076e0d6ed0) thrown at [C:\re\workspace\8-2-build-windows-amd64-cygwin\jdk8u181\11358\hotspot\src\share\vm\prims\methodHandles.cpp, line 1167]
Event: 0.575 Thread 0x0000000003283800 Exception <a 'java/lang/NoSuchFieldError': method resolution failed> (0x000000076e0e4d18) thrown at [C:\re\workspace\8-2-build-windows-amd64-cygwin\jdk8u181\11358\hotspot\src\share\vm\prims\methodHandles.cpp, line 1167]

Events (10 events):
Event: 325.020 Executing VM operation: RedefineClasses done
Event: 325.021 Executing VM operation: GetOrSetLocal
Event: 325.022 Executing VM operation: GetOrSetLocal done
Event: 325.027 Executing VM operation: ChangeBreakpoints
Event: 325.028 Executing VM operation: ChangeBreakpoints done
Event: 325.029 Executing VM operation: ChangeBreakpoints
Event: 325.029 Executing VM operation: ChangeBreakpoints done
Event: 325.030 Executing VM operation: ChangeBreakpoints
Event: 325.031 Executing VM operation: ChangeBreakpoints done
Event: 325.035 Executing VM operation: GetOrSetLocal


Dynamic libraries:
0x00007ff635670000 - 0x00007ff6356a7000 	C:\Program Files\Java\jdk1.8.0_181\bin\java.exe
0x00007ffd1af40000 - 0x00007ffd1b121000 	C:\Windows\SYSTEM32\ntdll.dll
0x00007ffd1a150000 - 0x00007ffd1a202000 	C:\Windows\System32\KERNEL32.DLL
0x00007ffd17720000 - 0x00007ffd17993000 	C:\Windows\System32\KERNELBASE.dll
0x00007ffd1a040000 - 0x00007ffd1a0e1000 	C:\Windows\System32\ADVAPI32.dll
0x00007ffd19f90000 - 0x00007ffd1a02e000 	C:\Windows\System32\msvcrt.dll
0x00007ffd18760000 - 0x00007ffd187bb000 	C:\Windows\System32\sechost.dll
0x00007ffd19e60000 - 0x00007ffd19f84000 	C:\Windows\System32\RPCRT4.dll
0x00007ffd1ab00000 - 0x00007ffd1ac90000 	C:\Windows\System32\USER32.dll
0x00007ffd17700000 - 0x00007ffd17720000 	C:\Windows\System32\win32u.dll
0x00007ffd19e30000 - 0x00007ffd19e58000 	C:\Windows\System32\GDI32.dll
0x00007ffd17560000 - 0x00007ffd176f2000 	C:\Windows\System32\gdi32full.dll
0x00007ffd18330000 - 0x00007ffd183cf000 	C:\Windows\System32\msvcp_win.dll
0x00007ffd18230000 - 0x00007ffd1832a000 	C:\Windows\System32\ucrtbase.dll
0x00007ffd06940000 - 0x00007ffd06ba9000 	C:\Windows\WinSxS\amd64_microsoft.windows.common-controls_6595b64144ccf1df_6.0.17134.590_none_fb3d9bff3069e088\COMCTL32.dll
0x00007ffd18430000 - 0x00007ffd18752000 	C:\Windows\System32\combase.dll
0x00007ffd181b0000 - 0x00007ffd1822a000 	C:\Windows\System32\bcryptPrimitives.dll
0x00007ffd1aee0000 - 0x00007ffd1af0d000 	C:\Windows\System32\IMM32.DLL
0x000000006fcd0000 - 0x000000006fda2000 	C:\Program Files\Java\jdk1.8.0_181\jre\bin\msvcr100.dll
0x000000006ead0000 - 0x000000006f372000 	C:\Program Files\Java\jdk1.8.0_181\jre\bin\server\jvm.dll
0x00007ffd1a9e0000 - 0x00007ffd1a9e8000 	C:\Windows\System32\PSAPI.DLL
0x00007ffd15490000 - 0x00007ffd15499000 	C:\Windows\SYSTEM32\WSOCK32.dll
0x00007ffd153b0000 - 0x00007ffd153d3000 	C:\Windows\SYSTEM32\WINMM.dll
0x00007ffd19dc0000 - 0x00007ffd19e2c000 	C:\Windows\System32\WS2_32.dll
0x00007ffd11840000 - 0x00007ffd1184a000 	C:\Windows\SYSTEM32\VERSION.dll
0x00007ffd15290000 - 0x00007ffd152ba000 	C:\Windows\SYSTEM32\winmmbase.dll
0x00007ffd17a50000 - 0x00007ffd17a99000 	C:\Windows\System32\cfgmgr32.dll
0x000000006fcc0000 - 0x000000006fccf000 	C:\Program Files\Java\jdk1.8.0_181\jre\bin\verify.dll
0x000000006eaa0000 - 0x000000006eac9000 	C:\Program Files\Java\jdk1.8.0_181\jre\bin\java.dll
0x000000006ea40000 - 0x000000006ea75000 	C:\Program Files\Java\jdk1.8.0_181\jre\bin\jdwp.dll
0x000000006ea30000 - 0x000000006ea38000 	C:\Program Files\Java\jdk1.8.0_181\jre\bin\npt.dll
0x000000006ea00000 - 0x000000006ea23000 	C:\Program Files\Java\jdk1.8.0_181\jre\bin\instrument.dll
0x000000006fca0000 - 0x000000006fcb6000 	C:\Program Files\Java\jdk1.8.0_181\jre\bin\zip.dll
0x00007ffd18920000 - 0x00007ffd19d60000 	C:\Windows\System32\SHELL32.dll
0x00007ffd1a210000 - 0x00007ffd1a2b9000 	C:\Windows\System32\shcore.dll
0x00007ffd17aa0000 - 0x00007ffd181ad000 	C:\Windows\System32\windows.storage.dll
0x00007ffd183d0000 - 0x00007ffd18421000 	C:\Windows\System32\shlwapi.dll
0x00007ffd172a0000 - 0x00007ffd172b1000 	C:\Windows\System32\kernel.appcore.dll
0x00007ffd17280000 - 0x00007ffd1729f000 	C:\Windows\System32\profapi.dll
0x00007ffd172c0000 - 0x00007ffd1730c000 	C:\Windows\System32\powrprof.dll
0x00007ffd17250000 - 0x00007ffd1725a000 	C:\Windows\System32\FLTLIB.DLL
0x000000006e9f0000 - 0x000000006e9f9000 	C:\Program Files\Java\jdk1.8.0_181\jre\bin\dt_socket.dll
0x00007ffd16a70000 - 0x00007ffd16ad6000 	C:\Windows\system32\mswsock.dll

VM Arguments:
jvm_args: -agentlib:jdwp=transport=dt_socket,address=127.0.0.1:56991,suspend=y,server=n -javaagent:C:\Users\lukas\AppData\Local\JetBrains\Toolbox\apps\IDEA-U\ch-0\182.3684.101\lib\rt\debugger-agent.jar=file:/C:/Users/lukas/AppData/Local/Temp/capture.props -Dfile.encoding=UTF-8 
java_command: com.hashcode.Main
java_class_path (initial): C:\Program Files\Java\jdk1.8.0_181\jre\lib\charsets.jar;C:\Program Files\Java\jdk1.8.0_181\jre\lib\deploy.jar;C:\Program Files\Java\jdk1.8.0_181\jre\lib\ext\access-bridge-64.jar;C:\Program Files\Java\jdk1.8.0_181\jre\lib\ext\cldrdata.jar;C:\Program Files\Java\jdk1.8.0_181\jre\lib\ext\dnsns.jar;C:\Program Files\Java\jdk1.8.0_181\jre\lib\ext\jaccess.jar;C:\Program Files\Java\jdk1.8.0_181\jre\lib\ext\jfxrt.jar;C:\Program Files\Java\jdk1.8.0_181\jre\lib\ext\localedata.jar;C:\Program Files\Java\jdk1.8.0_181\jre\lib\ext\nashorn.jar;C:\Program Files\Java\jdk1.8.0_181\jre\lib\ext\sunec.jar;C:\Program Files\Java\jdk1.8.0_181\jre\lib\ext\sunjce_provider.jar;C:\Program Files\Java\jdk1.8.0_181\jre\lib\ext\sunmscapi.jar;C:\Program Files\Java\jdk1.8.0_181\jre\lib\ext\sunpkcs11.jar;C:\Program Files\Java\jdk1.8.0_181\jre\lib\ext\zipfs.jar;C:\Program Files\Java\jdk1.8.0_181\jre\lib\javaws.jar;C:\Program Files\Java\jdk1.8.0_181\jre\lib\jce.jar;C:\Program Files\Java\jdk1.8.0_181\jre\lib\jfr.jar;C:\Program Files\Java\jdk1.8.0_181\jre\lib\jfxswt.jar;C:\Program Files\Java\jdk1.8.0_181\jre\lib\jsse.jar;C:\Program Files\Java\jdk1.8.0_181\jre\lib\management-agent.jar;C:\Program Files\Java\jdk1.8.0_181\jre\lib\plugin.jar;C:\Program Files\Java\jdk1.8.0_181\jre\lib\resources.jar;C:\Program Files\Java\jdk1.8.0_181\jre\lib\rt.jar;C:\Users\lukas\Documents\Github\HashCode\out\production\HashCode;C:\Users\lukas\Documents\Github\HashCode\lib\junit-4.12.jar;C:\Users\lukas\Documents\Github\HashCode\lib\hamcrest-core-1.3.jar;C:\Users\lukas\AppData\Local\JetBrains\Toolbox\apps\IDEA-U\ch-0\182.3684.101\lib\idea_rt.jar;C:\Users\lukas\AppData\Local\JetBrains\Toolbox\apps\IDEA-U\ch-0\182.3684.101\lib\rt\debugger-agent.jar
Launcher Type: SUN_STANDARD

Environment Variables:
JAVA_HOME=C:\Program Files\Java\jdk1.8.0_181
CLASSPATH=.;
PATH=C:\Program Files\Haskell\bin;C:\Program Files\Haskell Platform\8.4.3\lib\extralibs\bin;C:\Program Files\Haskell Platform\8.4.3\bin;C:\Program Files (x86)\Business Objects\Common\3.5\bin\NOTES\;C:\Program Files (x86)\Business Objects\Common\3.5\bin\NOTES\DATA\;C:\Python37\Scripts\;C:\Python37\;C:\Program Files (x86)\Common Files\Oracle\Java\javapath;C:\Windows\system32;C:\Windows;C:\Windows\System32\Wbem;C:\Windows\System32\WindowsPowerShell\v1.0\;C:\Windows\System32\OpenSSH\;C:\ProgramData\chocolatey\bin;C:\Program Files\Microsoft VS Code\bin;C:\Program Files\Java\jdk1.8.0_181\bin;C:\Program Files\Git\cmd;C:\Program Files\nodejs\;C:\Program Files\PuTTY\;C:\Program Files (x86)\NVIDIA Corporation\PhysX\Common;C:\Program Files\MiKTeX 2.9\miktex\bin\x64\;C:\Program Files (x86)\Windows Kits\8.1\Windows Performance Toolkit\;C:\HashiCorp\Vagrant\bin;C:\Program Files\Calibre2\;C:\Program Files\Haskell Platform\8.4.3\mingw\bin;C:\Users\lukas\AppData\Roaming\cabal\bin;C:\Users\lukas\AppData\Roaming\local\bin;C:\Users\lukas\AppData\Local\Microsoft\WindowsApps;C:\Users\lukas\AppData\Roaming\npm;C:\Users\lukas\AppData\Local\.meteor
USERNAME=lukas
OS=Windows_NT
PROCESSOR_IDENTIFIER=Intel64 Family 6 Model 60 Stepping 3, GenuineIntel



---------------  S Y S T E M  ---------------

OS: Windows 10.0 , 64 bit Build 17134 (10.0.17134.556)

CPU:total 8 (initial active 8) (4 cores per cpu, 2 threads per core) family 6 model 60 stepping 3, cmov, cx8, fxsr, mmx, sse, sse2, sse3, ssse3, sse4.1, sse4.2, popcnt, avx, avx2, aes, clmul, erms, lzcnt, ht, tsc, tscinvbit, bmi1, bmi2

Memory: 4k page, physical 16658548k(5261240k free), swap 23399356k(2661976k free)

vm_info: Java HotSpot(TM) 64-Bit Server VM (25.181-b13) for windows-amd64 JRE (1.8.0_181-b13), built on Jul  7 2018 04:01:33 by "java_re" with MS VC++ 10.0 (VS2010)

time: Sat Mar 02 21:23:19 2019
elapsed time: 325 seconds (0d 0h 5m 25s)

